

Version:	3.12
CmdLine:	C:\Users\kyler\eclipse-workspace\JHaikuGenerator\dist\JHaikuGenerator.exe --l4j-debug
WOW64:		yes
Create mutex:	JHG
Working dir:	C:\Users\kyler\eclipse-workspace\JHaikuGenerator\dist\.
Java min ver:	1.008.000
Java max ver:	
64-bit search:	SOFTWARE\JavaSoft\Java Runtime Environment...
Check:		SOFTWARE\JavaSoft\Java Runtime Environment\1.8
Check launcher:	C:\Program Files\Java\jre1.8.0_221\bin\javaw.exe (OK)
Match:		1.008.000
Check:		SOFTWARE\JavaSoft\Java Runtime Environment\1.8.0_221
Check launcher:	C:\Program Files\Java\jre1.8.0_221\bin\javaw.exe (OK)
Match:		1.008.000_221
64-bit search:	SOFTWARE\JavaSoft\Java Development Kit...
Check:		SOFTWARE\JavaSoft\Java Development Kit\1.8
Ignore:		1.008.000
Check:		SOFTWARE\JavaSoft\Java Development Kit\1.8.0_161
Ignore:		1.008.000_161
64-bit search:	SOFTWARE\JavaSoft\JRE...
64-bit search:	SOFTWARE\JavaSoft\JDK...
Check:		SOFTWARE\JavaSoft\JDK\12.0.2
Check launcher:	C:\Program Files\Java\jdk-12.0.2\bin\javaw.exe (OK)
Match:		1.012.000_002
Runtime used:	1.012.000_002 (64-bit)
Launcher:	C:\Program Files\Java\jdk-12.0.2\bin\javaw.exe
Launcher args:	-jar "C:\Users\kyler\eclipse-workspace\JHaikuGenerator\dist\JHaikuGenerator.exe"
Args length:	80/32768 chars
Exit code:	0


Version:	3.12
CmdLine:	C:\Users\kyler\eclipse-workspace\JHaikuGenerator\dist\JHaikuGenerator.exe --l4j-debug
WOW64:		yes
Create mutex:	JHG
Working dir:	C:\Users\kyler\eclipse-workspace\JHaikuGenerator\dist\.
Java min ver:	1.008.000
Java max ver:	
64-bit search:	SOFTWARE\JavaSoft\Java Runtime Environment...
Check:		SOFTWARE\JavaSoft\Java Runtime Environment\1.8
Check launcher:	C:\Program Files\Java\jre1.8.0_221\bin\javaw.exe (OK)
Match:		1.008.000
Check:		SOFTWARE\JavaSoft\Java Runtime Environment\1.8.0_221
Check launcher:	C:\Program Files\Java\jre1.8.0_221\bin\javaw.exe (OK)
Match:		1.008.000_221
64-bit search:	SOFTWARE\JavaSoft\Java Development Kit...
Check:		SOFTWARE\JavaSoft\Java Development Kit\1.8
Ignore:		1.008.000
Check:		SOFTWARE\JavaSoft\Java Development Kit\1.8.0_161
Ignore:		1.008.000_161
64-bit search:	SOFTWARE\JavaSoft\JRE...
64-bit search:	SOFTWARE\JavaSoft\JDK...
Check:		SOFTWARE\JavaSoft\JDK\12.0.2
Check launcher:	C:\Program Files\Java\jdk-12.0.2\bin\javaw.exe (OK)
Match:		1.012.000_002
Runtime used:	1.012.000_002 (64-bit)
Launcher:	C:\Program Files\Java\jdk-12.0.2\bin\javaw.exe
Launcher args:	-jar "C:\Users\kyler\eclipse-workspace\JHaikuGenerator\dist\JHaikuGenerator.exe"
Args length:	80/32768 chars
Exit code:	0


Version:	3.12
CmdLine:	C:\Users\kyler\eclipse-workspace\JHaikuGenerator\dist\JHaikuGenerator.exe --l4j-debug
WOW64:		yes
Create mutex:	JHG
Working dir:	C:\Users\kyler\eclipse-workspace\JHaikuGenerator\dist\.
Java min ver:	1.008.000
Java max ver:	
64-bit search:	SOFTWARE\JavaSoft\Java Runtime Environment...
Check:		SOFTWARE\JavaSoft\Java Runtime Environment\1.8
Check launcher:	C:\Program Files\Java\jre1.8.0_221\bin\javaw.exe (OK)
Match:		1.008.000
Check:		SOFTWARE\JavaSoft\Java Runtime Environment\1.8.0_221
Check launcher:	C:\Program Files\Java\jre1.8.0_221\bin\javaw.exe (OK)
Match:		1.008.000_221
64-bit search:	SOFTWARE\JavaSoft\Java Development Kit...
Check:		SOFTWARE\JavaSoft\Java Development Kit\1.8
Ignore:		1.008.000
Check:		SOFTWARE\JavaSoft\Java Development Kit\1.8.0_161
Ignore:		1.008.000_161
64-bit search:	SOFTWARE\JavaSoft\JRE...
64-bit search:	SOFTWARE\JavaSoft\JDK...
Check:		SOFTWARE\JavaSoft\JDK\12.0.2
Check launcher:	C:\Program Files\Java\jdk-12.0.2\bin\javaw.exe (OK)
Match:		1.012.000_002
Runtime used:	1.012.000_002 (64-bit)
Launcher:	C:\Program Files\Java\jdk-12.0.2\bin\javaw.exe
Launcher args:	-jar "C:\Users\kyler\eclipse-workspace\JHaikuGenerator\dist\JHaikuGenerator.exe"
Args length:	80/32768 chars
Exit code:	0


Version:	3.12
CmdLine:	C:\Users\kyler\eclipse-workspace\JHaikuGenerator\dist\JHaikuGenerator.exe --l4j-debug
WOW64:		yes
Create mutex:	JHG
Working dir:	C:\Users\kyler\eclipse-workspace\JHaikuGenerator\dist\.
Java min ver:	1.008.000
Java max ver:	
64-bit search:	SOFTWARE\JavaSoft\Java Runtime Environment...
Check:		SOFTWARE\JavaSoft\Java Runtime Environment\1.8
Check launcher:	C:\Program Files\Java\jre1.8.0_221\bin\javaw.exe (OK)
Match:		1.008.000
Check:		SOFTWARE\JavaSoft\Java Runtime Environment\1.8.0_221
Check launcher:	C:\Program Files\Java\jre1.8.0_221\bin\javaw.exe (OK)
Match:		1.008.000_221
64-bit search:	SOFTWARE\JavaSoft\Java Development Kit...
Check:		SOFTWARE\JavaSoft\Java Development Kit\1.8
Ignore:		1.008.000
Check:		SOFTWARE\JavaSoft\Java Development Kit\1.8.0_161
Ignore:		1.008.000_161
64-bit search:	SOFTWARE\JavaSoft\JRE...
64-bit search:	SOFTWARE\JavaSoft\JDK...
Check:		SOFTWARE\JavaSoft\JDK\12.0.2
Check launcher:	C:\Program Files\Java\jdk-12.0.2\bin\javaw.exe (OK)
Match:		1.012.000_002
Runtime used:	1.012.000_002 (64-bit)
Launcher:	C:\Program Files\Java\jdk-12.0.2\bin\javaw.exe
Launcher args:	-jar "C:\Users\kyler\eclipse-workspace\JHaikuGenerator\dist\JHaikuGenerator.exe"
Args length:	80/32768 chars
Exit code:	0


Version:	3.12
CmdLine:	C:\Users\kyler\eclipse-workspace\JHaikuGenerator\dist\JHaikuGenerator.exe --l4j-debug
WOW64:		yes
Working dir:	C:\Users\kyler\eclipse-workspace\JHaikuGenerator\dist\.
Java min ver:	1.008.000
Java max ver:	
64-bit search:	SOFTWARE\JavaSoft\Java Runtime Environment...
Check:		SOFTWARE\JavaSoft\Java Runtime Environment\1.8
Check launcher:	C:\Program Files\Java\jre1.8.0_221\bin\javaw.exe (OK)
Match:		1.008.000
Check:		SOFTWARE\JavaSoft\Java Runtime Environment\1.8.0_221
Check launcher:	C:\Program Files\Java\jre1.8.0_221\bin\javaw.exe (OK)
Match:		1.008.000_221
64-bit search:	SOFTWARE\JavaSoft\Java Development Kit...
Check:		SOFTWARE\JavaSoft\Java Development Kit\1.8
Ignore:		1.008.000
Check:		SOFTWARE\JavaSoft\Java Development Kit\1.8.0_161
Ignore:		1.008.000_161
64-bit search:	SOFTWARE\JavaSoft\JRE...
64-bit search:	SOFTWARE\JavaSoft\JDK...
Check:		SOFTWARE\JavaSoft\JDK\12.0.2
Check launcher:	C:\Program Files\Java\jdk-12.0.2\bin\javaw.exe (OK)
Match:		1.012.000_002
Runtime used:	1.012.000_002 (64-bit)
Launcher:	C:\Program Files\Java\jdk-12.0.2\bin\javaw.exe
Launcher args:	-jar "C:\Users\kyler\eclipse-workspace\JHaikuGenerator\dist\JHaikuGenerator.exe"
Args length:	80/32768 chars
Exit code:	0


Version:	3.12
CmdLine:	C:\Users\kyler\eclipse-workspace\JHaikuGenerator\dist\JHaikuGenerator.exe --l4j-debug
WOW64:		yes
Working dir:	C:\Users\kyler\eclipse-workspace\JHaikuGenerator\dist\.
Java min ver:	1.008.000
Java max ver:	
64-bit search:	SOFTWARE\JavaSoft\Java Runtime Environment...
Check:		SOFTWARE\JavaSoft\Java Runtime Environment\1.8
Check launcher:	C:\Program Files\Java\jre1.8.0_221\bin\javaw.exe (OK)
Match:		1.008.000
Check:		SOFTWARE\JavaSoft\Java Runtime Environment\1.8.0_221
Check launcher:	C:\Program Files\Java\jre1.8.0_221\bin\javaw.exe (OK)
Match:		1.008.000_221
64-bit search:	SOFTWARE\JavaSoft\Java Development Kit...
Check:		SOFTWARE\JavaSoft\Java Development Kit\1.8
Ignore:		1.008.000
Check:		SOFTWARE\JavaSoft\Java Development Kit\1.8.0_161
Ignore:		1.008.000_161
64-bit search:	SOFTWARE\JavaSoft\JRE...
64-bit search:	SOFTWARE\JavaSoft\JDK...
Check:		SOFTWARE\JavaSoft\JDK\12.0.2
Check launcher:	C:\Program Files\Java\jdk-12.0.2\bin\javaw.exe (OK)
Match:		1.012.000_002
Runtime used:	1.012.000_002 (64-bit)
Launcher:	C:\Program Files\Java\jdk-12.0.2\bin\javaw.exe
Launcher args:	-jar "C:\Users\kyler\eclipse-workspace\JHaikuGenerator\dist\JHaikuGenerator.exe"
Args length:	80/32768 chars
Exit code:	0


Version:	3.12
CmdLine:	C:\Users\kyler\eclipse-workspace\JHaikuGenerator\dist\JHaikuGenerator.exe --l4j-debug
WOW64:		yes
Working dir:	C:\Users\kyler\eclipse-workspace\JHaikuGenerator\dist\.
Java min ver:	1.008.000
Java max ver:	
64-bit search:	SOFTWARE\JavaSoft\Java Runtime Environment...
Check:		SOFTWARE\JavaSoft\Java Runtime Environment\1.8
Check launcher:	C:\Program Files\Java\jre1.8.0_221\bin\javaw.exe (OK)
Match:		1.008.000
Check:		SOFTWARE\JavaSoft\Java Runtime Environment\1.8.0_221
Check launcher:	C:\Program Files\Java\jre1.8.0_221\bin\javaw.exe (OK)
Match:		1.008.000_221
64-bit search:	SOFTWARE\JavaSoft\Java Development Kit...
Check:		SOFTWARE\JavaSoft\Java Development Kit\1.8
Ignore:		1.008.000
Check:		SOFTWARE\JavaSoft\Java Development Kit\1.8.0_161
Ignore:		1.008.000_161
64-bit search:	SOFTWARE\JavaSoft\JRE...
64-bit search:	SOFTWARE\JavaSoft\JDK...
Check:		SOFTWARE\JavaSoft\JDK\12.0.2
Check launcher:	C:\Program Files\Java\jdk-12.0.2\bin\javaw.exe (OK)
Match:		1.012.000_002
Runtime used:	1.012.000_002 (64-bit)
Launcher:	C:\Program Files\Java\jdk-12.0.2\bin\javaw.exe
Launcher args:	-jar "C:\Users\kyler\eclipse-workspace\JHaikuGenerator\dist\JHaikuGenerator.exe"
Args length:	80/32768 chars
Exit code:	0


Version:	3.12
CmdLine:	C:\Users\kyler\eclipse-workspace\JHaikuGenerator\dist\JHaikuGenerator.exe --l4j-debug
WOW64:		yes
Working dir:	C:\Users\kyler\eclipse-workspace\JHaikuGenerator\dist\.
Java min ver:	1.008.000
Java max ver:	
64-bit search:	SOFTWARE\JavaSoft\Java Runtime Environment...
Check:		SOFTWARE\JavaSoft\Java Runtime Environment\1.8
Check launcher:	C:\Program Files\Java\jre1.8.0_221\bin\javaw.exe (OK)
Match:		1.008.000
Check:		SOFTWARE\JavaSoft\Java Runtime Environment\1.8.0_221
Check launcher:	C:\Program Files\Java\jre1.8.0_221\bin\javaw.exe (OK)
Match:		1.008.000_221
64-bit search:	SOFTWARE\JavaSoft\Java Development Kit...
Check:		SOFTWARE\JavaSoft\Java Development Kit\1.8
Ignore:		1.008.000
Check:		SOFTWARE\JavaSoft\Java Development Kit\1.8.0_161
Ignore:		1.008.000_161
64-bit search:	SOFTWARE\JavaSoft\JRE...
64-bit search:	SOFTWARE\JavaSoft\JDK...
Check:		SOFTWARE\JavaSoft\JDK\12.0.2
Check launcher:	C:\Program Files\Java\jdk-12.0.2\bin\javaw.exe (OK)
Match:		1.012.000_002
Runtime used:	1.012.000_002 (64-bit)
Launcher:	C:\Program Files\Java\jdk-12.0.2\bin\javaw.exe
Launcher args:	-jar "C:\Users\kyler\eclipse-workspace\JHaikuGenerator\dist\JHaikuGenerator.exe"
Args length:	80/32768 chars
Exit code:	0


Version:	3.12
CmdLine:	C:\Users\kyler\eclipse-workspace\JHaikuGenerator\dist\JHaikuGenerator.exe --l4j-debug
WOW64:		yes
Working dir:	C:\Users\kyler\eclipse-workspace\JHaikuGenerator\dist\.
Java min ver:	1.008.000
Java max ver:	
64-bit search:	SOFTWARE\JavaSoft\Java Runtime Environment...
Check:		SOFTWARE\JavaSoft\Java Runtime Environment\1.8
Check launcher:	C:\Program Files\Java\jre1.8.0_221\bin\javaw.exe (OK)
Match:		1.008.000
Check:		SOFTWARE\JavaSoft\Java Runtime Environment\1.8.0_221
Check launcher:	C:\Program Files\Java\jre1.8.0_221\bin\javaw.exe (OK)
Match:		1.008.000_221
64-bit search:	SOFTWARE\JavaSoft\Java Development Kit...
Check:		SOFTWARE\JavaSoft\Java Development Kit\1.8
Ignore:		1.008.000
Check:		SOFTWARE\JavaSoft\Java Development Kit\1.8.0_161
Ignore:		1.008.000_161
64-bit search:	SOFTWARE\JavaSoft\JRE...
64-bit search:	SOFTWARE\JavaSoft\JDK...
Check:		SOFTWARE\JavaSoft\JDK\12.0.2
Check launcher:	C:\Program Files\Java\jdk-12.0.2\bin\javaw.exe (OK)
Match:		1.012.000_002
Runtime used:	1.012.000_002 (64-bit)
Launcher:	C:\Program Files\Java\jdk-12.0.2\bin\javaw.exe
Launcher args:	-jar "C:\Users\kyler\eclipse-workspace\JHaikuGenerator\dist\JHaikuGenerator.exe"
Args length:	80/32768 chars
Exit code:	0


Version:	3.12
CmdLine:	C:\Users\kyler\eclipse-workspace\JHaikuGenerator\dist\JHaikuGenerator.exe --l4j-debug
WOW64:		yes
Working dir:	C:\Users\kyler\eclipse-workspace\JHaikuGenerator\dist\.
Java min ver:	1.008.000
Java max ver:	
64-bit search:	SOFTWARE\JavaSoft\Java Runtime Environment...
Check:		SOFTWARE\JavaSoft\Java Runtime Environment\1.8
Check launcher:	C:\Program Files\Java\jre1.8.0_221\bin\javaw.exe (OK)
Match:		1.008.000
Check:		SOFTWARE\JavaSoft\Java Runtime Environment\1.8.0_221
Check launcher:	C:\Program Files\Java\jre1.8.0_221\bin\javaw.exe (OK)
Match:		1.008.000_221
64-bit search:	SOFTWARE\JavaSoft\Java Development Kit...
Check:		SOFTWARE\JavaSoft\Java Development Kit\1.8
Ignore:		1.008.000
Check:		SOFTWARE\JavaSoft\Java Development Kit\1.8.0_161
Ignore:		1.008.000_161
64-bit search:	SOFTWARE\JavaSoft\JRE...
64-bit search:	SOFTWARE\JavaSoft\JDK...
Check:		SOFTWARE\JavaSoft\JDK\12.0.2
Check launcher:	C:\Program Files\Java\jdk-12.0.2\bin\javaw.exe (OK)
Match:		1.012.000_002
Runtime used:	1.012.000_002 (64-bit)
Launcher:	C:\Program Files\Java\jdk-12.0.2\bin\javaw.exe
Launcher args:	-jar "C:\Users\kyler\eclipse-workspace\JHaikuGenerator\dist\JHaikuGenerator.exe"
Args length:	80/32768 chars
Exit code:	0


Version:	3.12
CmdLine:	C:\Users\kyler\eclipse-workspace\JHaikuGenerator\dist\JHaikuGenerator.exe --l4j-debug
WOW64:		yes
Working dir:	C:\Users\kyler\eclipse-workspace\JHaikuGenerator\dist\.
Java min ver:	1.008.000
Java max ver:	
64-bit search:	SOFTWARE\JavaSoft\Java Runtime Environment...
Check:		SOFTWARE\JavaSoft\Java Runtime Environment\1.8
Check launcher:	C:\Program Files\Java\jre1.8.0_221\bin\javaw.exe (OK)
Match:		1.008.000
Check:		SOFTWARE\JavaSoft\Java Runtime Environment\1.8.0_221
Check launcher:	C:\Program Files\Java\jre1.8.0_221\bin\javaw.exe (OK)
Match:		1.008.000_221
64-bit search:	SOFTWARE\JavaSoft\Java Development Kit...
Check:		SOFTWARE\JavaSoft\Java Development Kit\1.8
Ignore:		1.008.000
Check:		SOFTWARE\JavaSoft\Java Development Kit\1.8.0_161
Ignore:		1.008.000_161
64-bit search:	SOFTWARE\JavaSoft\JRE...
64-bit search:	SOFTWARE\JavaSoft\JDK...
Check:		SOFTWARE\JavaSoft\JDK\12.0.2
Check launcher:	C:\Program Files\Java\jdk-12.0.2\bin\javaw.exe (OK)
Match:		1.012.000_002
Runtime used:	1.012.000_002 (64-bit)
Launcher:	C:\Program Files\Java\jdk-12.0.2\bin\javaw.exe
Launcher args:	-jar "C:\Users\kyler\eclipse-workspace\JHaikuGenerator\dist\JHaikuGenerator.exe"
Args length:	80/32768 chars
Exit code:	0
